================================================
====               ChiraliPy                ====
================================================
Path = structures/R-1NEA2PbBr4_SCAN.vasp
================================================

================================================
          Intraoctahedral distortions           
================================================
sigma2   = 43.21°^2
delta_d  = 70.85 x 10^-5
================================================

================================================
          Interoctahedral distortions           
================================================
delta_beta     = 15.980°
delta_beta_in  = 18.324°
delta_beta_out = -4.554°
------------------------------------------------
max_D          = 39.968°
max_D_in       = 39.443°
max_D_out      = 11.688°
================================================

================================================
               Planar distortions               
================================================
delta_M            = 0.135 Å
delta_X_eq         = 0.484 Å
delta_X_ax         = 0.111 Å
------------------------------------------------
delta_X_ax_bottom  = 0.111 Å
delta_X_ax_top     = 0.111 Å
delta_X_eq_1       = 0.121 Å
delta_X_eq_2       = 0.484 Å (linear X-M-X angle; DOI: 10.1021/acs.jpclett.3c02705)
delta_X_eq_3       = 0.605 Å
delta_X_eq_4       = 0.363 Å
delta_X_eq_5       = 0.484 Å (equivalent to delta_X_eq_2)
delta_X_eq_6       = 0.121 Å (equivalent to delta_X_eq_1)
================================================

================================================
            Hydrogen bond asymmetry             
================================================
delta_r_hb       = 0.058 Å
------------------------------------------------
r_bar_hb (small) = 2.358 Å
r_hb (small)     = 2.308 Å (1)
                 = 2.409 Å (2)
                 = 2.712 Å (3)
------------------------------------------------
r_bar_hb (large) = 2.416 Å
r_hb (large)     = 2.365 Å (1)
                 = 2.467 Å (2)
                 = 2.646 Å (3)
================================================

================================================
                Cation helicity                 
================================================
norm_vector    = (+0.00; +0.00; +1.00)
------------------------------------------------
epsilon        =   +4.481 x 10^-3
================================================

================================================
                Cation inversion                
================================================
norm_vector    = (+0.00; +0.00; +1.00)
------------------------------------------------
zeta           =   +0.185
================================================

================================================
       Planar framework helicity (axial)        
================================================
vector_1  = (+0.00; +1.00; +0.00)
epsilon_1 =  +40.313 x 10^-3
- - - - - - - - - - - - - - - - - - - - - - - - 
Layer 0   =  +40.313 x 10^-3
          = +150.501 x 10^-3 (0)
          =  -69.876 x 10^-3 (1)
------------------------------------------------
vector_2  = (+1.00; +0.00; +0.00)
epsilon_2 =  -19.375 x 10^-3
- - - - - - - - - - - - - - - - - - - - - - - - 
Layer 0   =  -19.375 x 10^-3
          =  -19.375 x 10^-3 (0)
          =  -19.375 x 10^-3 (1)
================================================

================================================
      Planar framework helicity (diagonal)      
================================================
vector_1  = (+1.00; -1.00; +0.00)
epsilon_1 =  +12.629 x 10^-3
- - - - - - - - - - - - - - - - - - - - - - - - 
Layer 0   =  +12.629 x 10^-3
          =  +12.629 x 10^-3 (0)
          =  +12.629 x 10^-3 (1)
------------------------------------------------
vector_2  = (+1.00; +1.00; +0.00)
epsilon_2 =  +12.629 x 10^-3
- - - - - - - - - - - - - - - - - - - - - - - - 
Layer 0   =  +12.629 x 10^-3
          =  +12.629 x 10^-3 (0)
          =  +12.629 x 10^-3 (1)
================================================

================================================
        Out-of-plane framework helicity         
================================================
normal_vector  = (+0.00; +0.00; +1.00)
epsilon        =   -9.319 x 10^-3
------------------------------------------------
Layer 0        =   -9.319 x 10^-3
================================================

