================================================
====               ChiraliPy                ====
================================================
Path = structures/rac-1NEA2PbBr4_SCAN.vasp
================================================

================================================
          Intraoctahedral distortions           
================================================
sigma2   = 22.58°^2
delta_d  = 20.88 x 10^-5
================================================

================================================
          Interoctahedral distortions           
================================================
delta_beta     = 0.000°
delta_beta_in  = 0.000°
delta_beta_out = -0.000°
------------------------------------------------
max_D          = 27.844°
max_D_in       = 27.826°
max_D_out      = 1.056°
================================================

================================================
               Planar distortions               
================================================
delta_M            = 0.000 Å
delta_X_eq         = 0.055 Å
delta_X_ax         = 0.000 Å
------------------------------------------------
delta_X_ax_bottom  = 0.000 Å
delta_X_ax_top     = 0.000 Å
delta_X_eq_1       = 0.000 Å
delta_X_eq_2       = 0.055 Å (linear X-M-X angle; DOI: 10.1021/acs.jpclett.3c02705)
delta_X_eq_3       = 0.055 Å
delta_X_eq_4       = 0.055 Å
delta_X_eq_5       = 0.055 Å (equivalent to delta_X_eq_2)
delta_X_eq_6       = 0.000 Å (equivalent to delta_X_eq_1)
================================================

================================================
            Hydrogen bond asymmetry             
================================================
delta_r_hb       = 0.000 Å
------------------------------------------------
r_bar_hb (small) = 2.345 Å
r_hb (small)     = 2.258 Å (1)
                 = 2.431 Å (2)
                 = 2.531 Å (3)
------------------------------------------------
r_bar_hb (large) = 2.345 Å
r_hb (large)     = 2.258 Å (1)
                 = 2.431 Å (2)
                 = 2.531 Å (3)
================================================

================================================
                Cation helicity                 
================================================
norm_vector    = (+1.00; +0.00; +0.00)
------------------------------------------------
epsilon        =   +0.000 x 10^-3
================================================

================================================
                Cation inversion                
================================================
norm_vector    = (+1.00; +0.00; +0.00)
------------------------------------------------
zeta           =   +0.000
================================================

================================================
       Planar framework helicity (axial)        
================================================
vector_1  = (+0.00; +0.00; +1.00)
epsilon_1 =   +0.000 x 10^-3
- - - - - - - - - - - - - - - - - - - - - - - - 
Layer 0   =   +0.000 x 10^-3
          =   -0.000 x 10^-3 (0)
          =   +0.000 x 10^-3 (1)
------------------------------------------------
vector_2  = (+0.00; +1.00; +0.00)
epsilon_2 =   +0.000 x 10^-3
- - - - - - - - - - - - - - - - - - - - - - - - 
Layer 0   =   +0.000 x 10^-3
          =  +12.727 x 10^-3 (0)
          =  -12.727 x 10^-3 (1)
================================================

================================================
      Planar framework helicity (diagonal)      
================================================
vector_1  = (+0.00; +1.00; -1.00)
epsilon_1 =   +0.000 x 10^-3
- - - - - - - - - - - - - - - - - - - - - - - - 
Layer 0   =   +0.000 x 10^-3
          =   +0.000 x 10^-3 (0)
          =   +0.000 x 10^-3 (1)
------------------------------------------------
vector_2  = (+0.00; +1.00; +1.00)
epsilon_2 =   +0.000 x 10^-3
- - - - - - - - - - - - - - - - - - - - - - - - 
Layer 0   =   +0.000 x 10^-3
          =   +0.000 x 10^-3 (0)
          =   +0.000 x 10^-3 (1)
================================================

================================================
        Out-of-plane framework helicity         
================================================
normal_vector  = (+1.00; +0.00; +0.00)
epsilon        =   -0.000 x 10^-3
------------------------------------------------
Layer 0        =   -0.000 x 10^-3
================================================

