================================================
====               ChiraliPy                ====
================================================
Path = structures/S-1NEA2PbBr4_SCAN.vasp
================================================

================================================
          Intraoctahedral distortions           
================================================
sigma2   = 42.48°^2
delta_d  = 75.48 x 10^-5
================================================

================================================
          Interoctahedral distortions           
================================================
delta_beta     = 16.075°
delta_beta_in  = 18.103°
delta_beta_out = -3.781°
------------------------------------------------
max_D          = 39.957°
max_D_in       = 39.402°
max_D_out      = 11.113°
================================================

================================================
               Planar distortions               
================================================
delta_M            = 0.142 Å
delta_X_eq         = 0.474 Å
delta_X_ax         = 0.126 Å
------------------------------------------------
delta_X_ax_bottom  = 0.126 Å
delta_X_ax_top     = 0.126 Å
delta_X_eq_1       = 0.101 Å
delta_X_eq_2       = 0.474 Å (linear X-M-X angle; DOI: 10.1021/acs.jpclett.3c02705)
delta_X_eq_3       = 0.574 Å
delta_X_eq_4       = 0.373 Å
delta_X_eq_5       = 0.474 Å (equivalent to delta_X_eq_2)
delta_X_eq_6       = 0.101 Å (equivalent to delta_X_eq_1)
================================================

================================================
            Hydrogen bond asymmetry             
================================================
delta_r_hb       = 0.044 Å
------------------------------------------------
r_bar_hb (small) = 2.364 Å
r_hb (small)     = 2.312 Å (1)
                 = 2.415 Å (2)
                 = 2.715 Å (3)
------------------------------------------------
r_bar_hb (large) = 2.408 Å
r_hb (large)     = 2.351 Å (1)
                 = 2.465 Å (2)
                 = 2.632 Å (3)
================================================

================================================
                Cation helicity                 
================================================
norm_vector    = (+0.00; +0.00; +1.00)
------------------------------------------------
epsilon        =   -4.341 x 10^-3
================================================

================================================
                Cation inversion                
================================================
norm_vector    = (+0.00; +0.00; +1.00)
------------------------------------------------
zeta           =   -0.187
================================================

================================================
       Planar framework helicity (axial)        
================================================
vector_1  = (+0.00; +1.00; +0.00)
epsilon_1 =  -35.952 x 10^-3
- - - - - - - - - - - - - - - - - - - - - - - - 
Layer 0   =  -35.952 x 10^-3
          = -143.524 x 10^-3 (0)
          =  +71.620 x 10^-3 (1)
------------------------------------------------
vector_2  = (+1.00; +0.00; +0.00)
epsilon_2 =  +14.691 x 10^-3
- - - - - - - - - - - - - - - - - - - - - - - - 
Layer 0   =  +14.691 x 10^-3
          =  +14.691 x 10^-3 (0)
          =  +14.691 x 10^-3 (1)
================================================

================================================
      Planar framework helicity (diagonal)      
================================================
vector_1  = (+1.00; -1.00; +0.00)
epsilon_1 =  -13.105 x 10^-3
- - - - - - - - - - - - - - - - - - - - - - - - 
Layer 0   =  -13.105 x 10^-3
          =  -13.105 x 10^-3 (0)
          =  -13.105 x 10^-3 (1)
------------------------------------------------
vector_2  = (+1.00; +1.00; +0.00)
epsilon_2 =  -13.105 x 10^-3
- - - - - - - - - - - - - - - - - - - - - - - - 
Layer 0   =  -13.105 x 10^-3
          =  -13.105 x 10^-3 (0)
          =  -13.105 x 10^-3 (1)
================================================

================================================
        Out-of-plane framework helicity         
================================================
normal_vector  = (+0.00; +0.00; +1.00)
epsilon        =   +9.172 x 10^-3
------------------------------------------------
Layer 0        =   +9.172 x 10^-3
================================================

