================================================
====               ChiraliPy                ====
================================================
Path = structures/S-MBA2PbI4_SCAN.vasp
================================================

================================================
          Intraoctahedral distortions           
================================================
sigma2   = 20.17°^2
delta_d  = 29.38 x 10^-5
================================================

================================================
          Interoctahedral distortions           
================================================
delta_beta     = 7.383°
delta_beta_in  = 7.376°
delta_beta_out = 0.652°
------------------------------------------------
max_D          = 31.352°
max_D_in       = 31.345°
max_D_out      = 0.748°
================================================

================================================
               Planar distortions               
================================================
delta_M            = 0.061 Å
delta_X_eq         = 0.023 Å
delta_X_ax         = 0.043 Å
------------------------------------------------
delta_X_ax_bottom  = 0.043 Å
delta_X_ax_top     = 0.043 Å
delta_X_eq_1       = 0.018 Å
delta_X_eq_2       = 0.023 Å (linear X-M-X angle; DOI: 10.1021/acs.jpclett.3c02705)
delta_X_eq_3       = 0.041 Å
delta_X_eq_4       = 0.005 Å
delta_X_eq_5       = 0.023 Å (equivalent to delta_X_eq_2)
delta_X_eq_6       = 0.018 Å (equivalent to delta_X_eq_1)
================================================

================================================
            Hydrogen bond asymmetry             
================================================
delta_r_hb       = 0.036 Å
------------------------------------------------
r_bar_hb (small) = 2.605 Å
r_hb (small)     = 2.524 Å (1)
                 = 2.686 Å (2)
                 = 3.070 Å (3)
------------------------------------------------
r_bar_hb (large) = 2.640 Å
r_hb (large)     = 2.578 Å (1)
                 = 2.703 Å (2)
                 = 2.925 Å (3)
================================================

================================================
                Cation helicity                 
================================================
norm_vector    = (+0.00; +1.00; +0.00)
------------------------------------------------
epsilon        =  +46.490 x 10^-3
================================================

================================================
                Cation inversion                
================================================
norm_vector    = (+0.00; +1.00; +0.00)
------------------------------------------------
zeta           =   +0.055
================================================

================================================
       Planar framework helicity (axial)        
================================================
vector_1  = (+1.00; +0.00; +0.00)
epsilon_1 =   -0.501 x 10^-3
- - - - - - - - - - - - - - - - - - - - - - - - 
Layer 0   =   -0.501 x 10^-3
          =   -4.793 x 10^-3 (0)
          =   +3.792 x 10^-3 (1)
- - - - - - - - - - - - - - - - - - - - - - - - 
Layer 1   =   -0.501 x 10^-3
          =   +3.791 x 10^-3 (0)
          =   -4.793 x 10^-3 (1)
------------------------------------------------
vector_2  = (+0.00; +0.00; +1.00)
epsilon_2 =   +6.752 x 10^-3
- - - - - - - - - - - - - - - - - - - - - - - - 
Layer 0   =   +6.752 x 10^-3
          =   +6.752 x 10^-3 (0)
          =   +6.752 x 10^-3 (1)
- - - - - - - - - - - - - - - - - - - - - - - - 
Layer 1   =   +6.752 x 10^-3
          =   +6.752 x 10^-3 (0)
          =   +6.752 x 10^-3 (1)
================================================

================================================
      Planar framework helicity (diagonal)      
================================================
vector_1  = (-1.00; +0.00; +1.00)
epsilon_1 =   +4.534 x 10^-3
- - - - - - - - - - - - - - - - - - - - - - - - 
Layer 0   =   +4.534 x 10^-3
          =   +4.534 x 10^-3 (0)
          =   +4.534 x 10^-3 (1)
- - - - - - - - - - - - - - - - - - - - - - - - 
Layer 1   =   +4.534 x 10^-3
          =   +4.534 x 10^-3 (0)
          =   +4.534 x 10^-3 (1)
------------------------------------------------
vector_2  = (+1.00; +0.00; +1.00)
epsilon_2 =   +4.534 x 10^-3
- - - - - - - - - - - - - - - - - - - - - - - - 
Layer 0   =   +4.534 x 10^-3
          =   +4.534 x 10^-3 (0)
          =   +4.534 x 10^-3 (1)
- - - - - - - - - - - - - - - - - - - - - - - - 
Layer 1   =   +4.534 x 10^-3
          =   +4.534 x 10^-3 (0)
          =   +4.534 x 10^-3 (1)
================================================

================================================
        Out-of-plane framework helicity         
================================================
normal_vector  = (+0.00; +1.00; +0.00)
epsilon        =   +1.560 x 10^-3
------------------------------------------------
Layer 0        =   +1.560 x 10^-3
Layer 1        =   +1.560 x 10^-3
================================================

