================================================
====               ChiraliPy                ====
================================================
Path = structures/S-MBA2PbI4_PBE-D3BJ.vasp
================================================

================================================
          Intraoctahedral distortions           
================================================
sigma2   = 25.22°^2
delta_d  = 16.74 x 10^-5
================================================

================================================
          Interoctahedral distortions           
================================================
delta_beta     = 9.114°
delta_beta_in  = 9.095°
delta_beta_out = 1.038°
------------------------------------------------
max_D          = 33.583°
max_D_in       = 33.563°
max_D_out      = 1.287°
================================================

================================================
               Planar distortions               
================================================
delta_M            = 0.076 Å
delta_X_eq         = 0.042 Å
delta_X_ax         = 0.073 Å
------------------------------------------------
delta_X_ax_bottom  = 0.073 Å
delta_X_ax_top     = 0.073 Å
delta_X_eq_1       = 0.028 Å
delta_X_eq_2       = 0.042 Å (linear X-M-X angle; DOI: 10.1021/acs.jpclett.3c02705)
delta_X_eq_3       = 0.070 Å
delta_X_eq_4       = 0.014 Å
delta_X_eq_5       = 0.042 Å (equivalent to delta_X_eq_2)
delta_X_eq_6       = 0.028 Å (equivalent to delta_X_eq_1)
================================================

================================================
            Hydrogen bond asymmetry             
================================================
delta_r_hb       = 0.031 Å
------------------------------------------------
r_bar_hb (small) = 2.546 Å
r_hb (small)     = 2.487 Å (1)
                 = 2.606 Å (2)
                 = 3.014 Å (3)
------------------------------------------------
r_bar_hb (large) = 2.577 Å
r_hb (large)     = 2.517 Å (1)
                 = 2.637 Å (2)
                 = 2.898 Å (3)
================================================

================================================
                Cation helicity                 
================================================
norm_vector    = (+0.00; +1.00; +0.00)
------------------------------------------------
epsilon        =  +44.446 x 10^-3
================================================

================================================
                Cation inversion                
================================================
norm_vector    = (+0.00; +1.00; +0.00)
------------------------------------------------
zeta           =   +0.051
================================================

================================================
       Planar framework helicity (axial)        
================================================
vector_1  = (+1.00; +0.00; +0.00)
epsilon_1 =   -4.648 x 10^-3
- - - - - - - - - - - - - - - - - - - - - - - - 
Layer 0   =   -4.648 x 10^-3
          =   -9.699 x 10^-3 (0)
          =   +0.403 x 10^-3 (1)
- - - - - - - - - - - - - - - - - - - - - - - - 
Layer 1   =   -4.648 x 10^-3
          =   +0.403 x 10^-3 (0)
          =   -9.698 x 10^-3 (1)
------------------------------------------------
vector_2  = (+0.00; +0.00; +1.00)
epsilon_2 =  +12.666 x 10^-3
- - - - - - - - - - - - - - - - - - - - - - - - 
Layer 0   =  +12.666 x 10^-3
          =  +12.666 x 10^-3 (0)
          =  +12.666 x 10^-3 (1)
- - - - - - - - - - - - - - - - - - - - - - - - 
Layer 1   =  +12.666 x 10^-3
          =  +12.666 x 10^-3 (0)
          =  +12.666 x 10^-3 (1)
================================================

================================================
      Planar framework helicity (diagonal)      
================================================
vector_1  = (-1.00; +0.00; +1.00)
epsilon_1 =   +5.917 x 10^-3
- - - - - - - - - - - - - - - - - - - - - - - - 
Layer 0   =   +5.917 x 10^-3
          =   +5.917 x 10^-3 (0)
          =   +5.917 x 10^-3 (1)
- - - - - - - - - - - - - - - - - - - - - - - - 
Layer 1   =   +5.917 x 10^-3
          =   +5.917 x 10^-3 (0)
          =   +5.917 x 10^-3 (1)
------------------------------------------------
vector_2  = (+1.00; +0.00; +1.00)
epsilon_2 =   +5.917 x 10^-3
- - - - - - - - - - - - - - - - - - - - - - - - 
Layer 0   =   +5.917 x 10^-3
          =   +5.917 x 10^-3 (0)
          =   +5.917 x 10^-3 (1)
- - - - - - - - - - - - - - - - - - - - - - - - 
Layer 1   =   +5.917 x 10^-3
          =   +5.917 x 10^-3 (0)
          =   +5.917 x 10^-3 (1)
================================================

================================================
        Out-of-plane framework helicity         
================================================
normal_vector  = (+0.00; +1.00; +0.00)
epsilon        =   +1.578 x 10^-3
------------------------------------------------
Layer 0        =   +1.578 x 10^-3
Layer 1        =   +1.578 x 10^-3
================================================

