================================================
====               ChiraliPy                ====
================================================
Path = structures/S-MBA2PbI4_Exp.vasp
================================================

================================================
          Intraoctahedral distortions           
================================================
sigma2   = 20.11°^2
delta_d  = 56.42 x 10^-5
================================================

================================================
          Interoctahedral distortions           
================================================
delta_beta     = 5.857°
delta_beta_in  = 5.856°
delta_beta_out = 0.313°
------------------------------------------------
max_D          = 28.555°
max_D_in       = 28.555°
max_D_out      = 0.333°
================================================

================================================
               Planar distortions               
================================================
delta_M            = 0.078 Å
delta_X_eq         = 0.010 Å
delta_X_ax         = 0.064 Å
------------------------------------------------
delta_X_ax_bottom  = 0.064 Å
delta_X_ax_top     = 0.064 Å
delta_X_eq_1       = 0.009 Å
delta_X_eq_2       = 0.010 Å (linear X-M-X angle; DOI: 10.1021/acs.jpclett.3c02705)
delta_X_eq_3       = 0.018 Å
delta_X_eq_4       = 0.001 Å
delta_X_eq_5       = 0.010 Å (equivalent to delta_X_eq_2)
delta_X_eq_6       = 0.009 Å (equivalent to delta_X_eq_1)
================================================

================================================
            Hydrogen bond asymmetry             
================================================
delta_r_hb       = 0.029 Å
------------------------------------------------
r_bar_hb (small) = 2.795 Å
r_hb (small)     = 2.719 Å (1)
                 = 2.870 Å (2)
                 = 3.112 Å (3)
------------------------------------------------
r_bar_hb (large) = 2.824 Å
r_hb (large)     = 2.730 Å (1)
                 = 2.918 Å (2)
                 = 3.115 Å (3)
================================================

================================================
                Cation helicity                 
================================================
norm_vector    = (+0.00; +1.00; +0.00)
------------------------------------------------
epsilon        =  +49.313 x 10^-3
================================================

================================================
                Cation inversion                
================================================
norm_vector    = (+0.00; +1.00; +0.00)
------------------------------------------------
zeta           =   +0.057
================================================

================================================
       Planar framework helicity (axial)        
================================================
vector_1  = (+1.00; +0.00; +0.00)
epsilon_1 =   +1.700 x 10^-3
- - - - - - - - - - - - - - - - - - - - - - - - 
Layer 0   =   +1.700 x 10^-3
          =   +0.663 x 10^-3 (0)
          =   +2.737 x 10^-3 (1)
- - - - - - - - - - - - - - - - - - - - - - - - 
Layer 1   =   +1.700 x 10^-3
          =   +2.737 x 10^-3 (0)
          =   +0.663 x 10^-3 (1)
------------------------------------------------
vector_2  = (+0.00; +0.00; +1.00)
epsilon_2 =   +5.634 x 10^-3
- - - - - - - - - - - - - - - - - - - - - - - - 
Layer 0   =   +5.634 x 10^-3
          =   +5.634 x 10^-3 (0)
          =   +5.634 x 10^-3 (1)
- - - - - - - - - - - - - - - - - - - - - - - - 
Layer 1   =   +5.634 x 10^-3
          =   +5.634 x 10^-3 (0)
          =   +5.634 x 10^-3 (1)
================================================

================================================
      Planar framework helicity (diagonal)      
================================================
vector_1  = (-1.00; +0.00; +1.00)
epsilon_1 =   +5.252 x 10^-3
- - - - - - - - - - - - - - - - - - - - - - - - 
Layer 0   =   +5.252 x 10^-3
          =   +5.252 x 10^-3 (0)
          =   +5.252 x 10^-3 (1)
- - - - - - - - - - - - - - - - - - - - - - - - 
Layer 1   =   +5.252 x 10^-3
          =   +5.252 x 10^-3 (0)
          =   +5.252 x 10^-3 (1)
------------------------------------------------
vector_2  = (+1.00; +0.00; +1.00)
epsilon_2 =   +5.252 x 10^-3
- - - - - - - - - - - - - - - - - - - - - - - - 
Layer 0   =   +5.252 x 10^-3
          =   +5.252 x 10^-3 (0)
          =   +5.252 x 10^-3 (1)
- - - - - - - - - - - - - - - - - - - - - - - - 
Layer 1   =   +5.252 x 10^-3
          =   +5.252 x 10^-3 (0)
          =   +5.252 x 10^-3 (1)
================================================

================================================
        Out-of-plane framework helicity         
================================================
normal_vector  = (+0.00; +1.00; +0.00)
epsilon        =   +1.341 x 10^-3
------------------------------------------------
Layer 0        =   +1.341 x 10^-3
Layer 1        =   +1.341 x 10^-3
================================================

