================================================
====               ChiraliPy                ====
================================================
Path = structures/R-4-Cl-MBA2PbBr4_SCAN.vasp
================================================

================================================
          Intraoctahedral distortions           
================================================
sigma2   = 52.46°^2
delta_d  = 72.28 x 10^-5
================================================

================================================
          Interoctahedral distortions           
================================================
delta_beta     = 14.266°
delta_beta_in  = 10.782°
delta_beta_out = 14.690°
------------------------------------------------
max_D          = 39.383°
max_D_in       = 35.729°
max_D_out      = 17.771°
================================================

================================================
               Planar distortions               
================================================
delta_M            = 0.113 Å
delta_X_eq         = 0.534 Å
delta_X_ax         = 0.201 Å
------------------------------------------------
delta_X_ax_bottom  = 0.201 Å
delta_X_ax_top     = 0.201 Å
delta_X_eq_1       = 0.375 Å
delta_X_eq_2       = 0.534 Å (linear X-M-X angle; DOI: 10.1021/acs.jpclett.3c02705)
delta_X_eq_3       = 0.908 Å
delta_X_eq_4       = 0.159 Å
delta_X_eq_5       = 0.534 Å (equivalent to delta_X_eq_2)
delta_X_eq_6       = 0.375 Å (equivalent to delta_X_eq_1)
================================================

================================================
            Hydrogen bond asymmetry             
================================================
delta_r_hb       = 0.031 Å
------------------------------------------------
r_bar_hb (small) = 2.361 Å
r_hb (small)     = 2.349 Å (1)
                 = 2.372 Å (2)
                 = 2.477 Å (3)
------------------------------------------------
r_bar_hb (large) = 2.392 Å
r_hb (large)     = 2.377 Å (1)
                 = 2.407 Å (2)
                 = 2.500 Å (3)
================================================

================================================
                Cation helicity                 
================================================
norm_vector    = (+0.00; +0.00; +1.00)
------------------------------------------------
epsilon        =  -21.903 x 10^-3
================================================

================================================
                Cation inversion                
================================================
norm_vector    = (+0.00; +0.00; +1.00)
------------------------------------------------
zeta           =   -0.084
================================================

================================================
       Planar framework helicity (axial)        
================================================
vector_1  = (+0.00; +1.00; +0.00)
epsilon_1 =  +81.382 x 10^-3
- - - - - - - - - - - - - - - - - - - - - - - - 
Layer 0   =  +81.382 x 10^-3
          = +191.119 x 10^-3 (0)
          =  -28.356 x 10^-3 (1)
- - - - - - - - - - - - - - - - - - - - - - - - 
Layer 1   =  +81.382 x 10^-3
          =  -28.356 x 10^-3 (0)
          = +191.119 x 10^-3 (1)
------------------------------------------------
vector_2  = (+1.00; +0.00; +0.00)
epsilon_2 =  -80.071 x 10^-3
- - - - - - - - - - - - - - - - - - - - - - - - 
Layer 0   =  -80.071 x 10^-3
          =  -80.071 x 10^-3 (0)
          =  -80.071 x 10^-3 (1)
- - - - - - - - - - - - - - - - - - - - - - - - 
Layer 1   =  -80.071 x 10^-3
          =  -80.071 x 10^-3 (0)
          =  -80.071 x 10^-3 (1)
================================================

================================================
      Planar framework helicity (diagonal)      
================================================
vector_1  = (+1.00; -1.00; +0.00)
epsilon_1 =   +7.762 x 10^-3
- - - - - - - - - - - - - - - - - - - - - - - - 
Layer 0   =   +7.762 x 10^-3
          =   +7.762 x 10^-3 (0)
          =   +7.762 x 10^-3 (1)
- - - - - - - - - - - - - - - - - - - - - - - - 
Layer 1   =   +7.762 x 10^-3
          =   +7.762 x 10^-3 (0)
          =   +7.762 x 10^-3 (1)
------------------------------------------------
vector_2  = (+1.00; +1.00; +0.00)
epsilon_2 =   +7.762 x 10^-3
- - - - - - - - - - - - - - - - - - - - - - - - 
Layer 0   =   +7.762 x 10^-3
          =   +7.762 x 10^-3 (0)
          =   +7.762 x 10^-3 (1)
- - - - - - - - - - - - - - - - - - - - - - - - 
Layer 1   =   +7.762 x 10^-3
          =   +7.762 x 10^-3 (0)
          =   +7.762 x 10^-3 (1)
================================================

================================================
        Out-of-plane framework helicity         
================================================
normal_vector  = (+0.00; +0.00; +1.00)
epsilon        =   +0.229 x 10^-3
------------------------------------------------
Layer 0        =   +0.229 x 10^-3
Layer 1        =   +0.229 x 10^-3
================================================

