================================================
====               ChiraliPy                ====
================================================
Path = structures/S-1-Me-HA2PbI4_SCAN.vasp
================================================

================================================
          Intraoctahedral distortions           
================================================
sigma2   = 10.91°^2
delta_d  = 3.33 x 10^-5
================================================

================================================
          Interoctahedral distortions           
================================================
delta_beta     = 1.033°
delta_beta_in  = 1.026°
delta_beta_out = 0.163°
------------------------------------------------
max_D          = 29.372°
max_D_in       = 29.348°
max_D_out      = 1.464°
================================================

================================================
               Planar distortions               
================================================
delta_M            = 0.172 Å
delta_X_eq         = 0.076 Å
delta_X_ax         = 0.169 Å
------------------------------------------------
delta_X_ax_bottom  = 0.169 Å
delta_X_ax_top     = 0.169 Å
delta_X_eq_1       = 0.004 Å
delta_X_eq_2       = 0.076 Å (linear X-M-X angle; DOI: 10.1021/acs.jpclett.3c02705)
delta_X_eq_3       = 0.080 Å
delta_X_eq_4       = 0.071 Å
delta_X_eq_5       = 0.076 Å (equivalent to delta_X_eq_2)
delta_X_eq_6       = 0.004 Å (equivalent to delta_X_eq_1)
================================================

================================================
            Hydrogen bond asymmetry             
================================================
delta_r_hb       = 0.033 Å
------------------------------------------------
r_bar_hb (small) = 2.582 Å
r_hb (small)     = 2.522 Å (1)
                 = 2.642 Å (2)
                 = 2.899 Å (3)
------------------------------------------------
r_bar_hb (large) = 2.615 Å
r_hb (large)     = 2.566 Å (1)
                 = 2.665 Å (2)
                 = 2.938 Å (3)
================================================

================================================
                Cation helicity                 
================================================
norm_vector    = (+0.00; +0.00; +1.00)
------------------------------------------------
epsilon        =  -13.333 x 10^-3
================================================

================================================
                Cation inversion                
================================================
norm_vector    = (+0.00; +0.00; +1.00)
------------------------------------------------
zeta           =   -0.033
================================================

================================================
       Planar framework helicity (axial)        
================================================
vector_1  = (+0.00; +1.00; +0.00)
epsilon_1 =  +25.389 x 10^-3
- - - - - - - - - - - - - - - - - - - - - - - - 
Layer 0   =  +25.389 x 10^-3
          =  +25.389 x 10^-3 (0)
          =  +25.389 x 10^-3 (1)
- - - - - - - - - - - - - - - - - - - - - - - - 
Layer 1   =  +25.389 x 10^-3
          =  +25.389 x 10^-3 (0)
          =  +25.389 x 10^-3 (1)
------------------------------------------------
vector_2  = (+1.00; +0.00; +0.00)
epsilon_2 =   -6.692 x 10^-3
- - - - - - - - - - - - - - - - - - - - - - - - 
Layer 0   =   -6.692 x 10^-3
          =   -7.626 x 10^-3 (0)
          =   -5.758 x 10^-3 (1)
- - - - - - - - - - - - - - - - - - - - - - - - 
Layer 1   =   -6.692 x 10^-3
          =   -7.626 x 10^-3 (0)
          =   -5.758 x 10^-3 (1)
================================================

================================================
      Planar framework helicity (diagonal)      
================================================
vector_1  = (+1.00; -1.00; +0.00)
epsilon_1 =  +13.230 x 10^-3
- - - - - - - - - - - - - - - - - - - - - - - - 
Layer 0   =  +13.230 x 10^-3
          =  +13.230 x 10^-3 (0)
          =  +13.230 x 10^-3 (1)
- - - - - - - - - - - - - - - - - - - - - - - - 
Layer 1   =  +13.230 x 10^-3
          =  +13.230 x 10^-3 (0)
          =  +13.230 x 10^-3 (1)
------------------------------------------------
vector_2  = (+1.00; +1.00; +0.00)
epsilon_2 =  +13.230 x 10^-3
- - - - - - - - - - - - - - - - - - - - - - - - 
Layer 0   =  +13.230 x 10^-3
          =  +13.230 x 10^-3 (0)
          =  +13.230 x 10^-3 (1)
- - - - - - - - - - - - - - - - - - - - - - - - 
Layer 1   =  +13.230 x 10^-3
          =  +13.230 x 10^-3 (0)
          =  +13.230 x 10^-3 (1)
================================================

================================================
        Out-of-plane framework helicity         
================================================
normal_vector  = (+0.00; +0.00; +1.00)
epsilon        =   -0.648 x 10^-3
------------------------------------------------
Layer 0        =   -0.648 x 10^-3
Layer 1        =   -0.648 x 10^-3
================================================

