================================================
====               ChiraliPy                ====
================================================
Path = structures/S-2-Me-BuA2PbBr4_SCAN.vasp
================================================

================================================
          Intraoctahedral distortions           
================================================
sigma2   = 10.55°^2
delta_d  = 2.56 x 10^-5
================================================

================================================
          Interoctahedral distortions           
================================================
delta_beta     = 1.861°
delta_beta_in  = 1.827°
delta_beta_out = 0.955°
------------------------------------------------
max_D          = 30.025°
max_D_in       = 29.984°
max_D_out      = 1.663°
================================================

================================================
               Planar distortions               
================================================
delta_M            = 0.052 Å
delta_X_eq         = 0.060 Å
delta_X_ax         = 0.078 Å
------------------------------------------------
delta_X_ax_bottom  = 0.078 Å
delta_X_ax_top     = 0.078 Å
delta_X_eq_1       = 0.024 Å
delta_X_eq_2       = 0.060 Å (linear X-M-X angle; DOI: 10.1021/acs.jpclett.3c02705)
delta_X_eq_3       = 0.084 Å
delta_X_eq_4       = 0.036 Å
delta_X_eq_5       = 0.060 Å (equivalent to delta_X_eq_2)
delta_X_eq_6       = 0.024 Å (equivalent to delta_X_eq_1)
================================================

================================================
            Hydrogen bond asymmetry             
================================================
delta_r_hb       = -0.000 Å
------------------------------------------------
r_bar_hb (small) = 2.337 Å
r_hb (small)     = 2.331 Å (1)
                 = 2.342 Å (2)
                 = 2.621 Å (3)
------------------------------------------------
r_bar_hb (large) = 2.337 Å
r_hb (large)     = 2.334 Å (1)
                 = 2.339 Å (2)
                 = 2.570 Å (3)
================================================

================================================
                Cation helicity                 
================================================
norm_vector    = (+1.00; +0.00; +0.00)
------------------------------------------------
epsilon        =  +38.809 x 10^-3
================================================

================================================
                Cation inversion                
================================================
norm_vector    = (+1.00; +0.00; +0.00)
------------------------------------------------
zeta           =   -0.065
================================================

================================================
       Planar framework helicity (axial)        
================================================
vector_1  = (+0.00; +0.00; +1.00)
epsilon_1 =  +10.671 x 10^-3
- - - - - - - - - - - - - - - - - - - - - - - - 
Layer 0   =  +10.671 x 10^-3
          =  +10.671 x 10^-3 (0)
          =  +10.671 x 10^-3 (1)
------------------------------------------------
vector_2  = (+0.00; +1.00; +0.00)
epsilon_2 =  -16.707 x 10^-3
- - - - - - - - - - - - - - - - - - - - - - - - 
Layer 0   =  -16.707 x 10^-3
          =  -22.209 x 10^-3 (0)
          =  -11.205 x 10^-3 (1)
================================================

================================================
      Planar framework helicity (diagonal)      
================================================
vector_1  = (+0.00; +1.00; -1.00)
epsilon_1 =   -4.302 x 10^-3
- - - - - - - - - - - - - - - - - - - - - - - - 
Layer 0   =   -4.302 x 10^-3
          =   -4.302 x 10^-3 (0)
          =   -4.302 x 10^-3 (1)
------------------------------------------------
vector_2  = (+0.00; +1.00; +1.00)
epsilon_2 =   -4.302 x 10^-3
- - - - - - - - - - - - - - - - - - - - - - - - 
Layer 0   =   -4.302 x 10^-3
          =   -4.302 x 10^-3 (0)
          =   -4.302 x 10^-3 (1)
================================================

================================================
        Out-of-plane framework helicity         
================================================
normal_vector  = (+1.00; +0.00; +0.00)
epsilon        =   +0.849 x 10^-3
------------------------------------------------
Layer 0        =   +0.849 x 10^-3
================================================

