================================================
====               ChiraliPy                ====
================================================
Path = structures/R-2NEA2PbBr4_SCAN.vasp
================================================

================================================
          Intraoctahedral distortions           
================================================
sigma2   = 49.53°^2
delta_d  = 48.14 x 10^-5
================================================

================================================
          Interoctahedral distortions           
================================================
delta_beta     = 15.946°
delta_beta_in  = 15.078°
delta_beta_out = 6.024°
------------------------------------------------
max_D          = 40.555°
max_D_in       = 38.863°
max_D_out      = 12.517°
================================================

================================================
               Planar distortions               
================================================
delta_M            = 0.058 Å
delta_X_eq         = 0.484 Å
delta_X_ax         = 0.170 Å
------------------------------------------------
delta_X_ax_bottom  = 0.170 Å
delta_X_ax_top     = 0.170 Å
delta_X_eq_1       = 0.152 Å
delta_X_eq_2       = 0.484 Å (linear X-M-X angle; DOI: 10.1021/acs.jpclett.3c02705)
delta_X_eq_3       = 0.636 Å
delta_X_eq_4       = 0.333 Å
delta_X_eq_5       = 0.484 Å (equivalent to delta_X_eq_2)
delta_X_eq_6       = 0.152 Å (equivalent to delta_X_eq_1)
================================================

================================================
            Hydrogen bond asymmetry             
================================================
delta_r_hb       = 0.107 Å
------------------------------------------------
r_bar_hb (small) = 2.319 Å
r_hb (small)     = 2.306 Å (1)
                 = 2.333 Å (2)
                 = 2.606 Å (3)
------------------------------------------------
r_bar_hb (large) = 2.427 Å
r_hb (large)     = 2.343 Å (1)
                 = 2.511 Å (2)
                 = 2.589 Å (3)
================================================

================================================
                Cation helicity                 
================================================
norm_vector    = (+0.00; +0.00; +1.00)
------------------------------------------------
epsilon        =  -10.791 x 10^-3
================================================

================================================
                Cation inversion                
================================================
norm_vector    = (+0.00; +0.00; +1.00)
------------------------------------------------
zeta           =   +0.203
================================================

================================================
       Planar framework helicity (axial)        
================================================
vector_1  = (+0.00; +1.00; +0.00)
epsilon_1 =  -34.560 x 10^-3
- - - - - - - - - - - - - - - - - - - - - - - - 
Layer 0   =  -34.560 x 10^-3
          = -147.671 x 10^-3 (0)
          =  +78.550 x 10^-3 (1)
------------------------------------------------
vector_2  = (+1.00; +0.00; +0.00)
epsilon_2 =  +26.102 x 10^-3
- - - - - - - - - - - - - - - - - - - - - - - - 
Layer 0   =  +26.102 x 10^-3
          =  +26.102 x 10^-3 (0)
          =  +26.102 x 10^-3 (1)
================================================

================================================
      Planar framework helicity (diagonal)      
================================================
vector_1  = (+1.00; -1.00; +0.00)
epsilon_1 =   -4.394 x 10^-3
- - - - - - - - - - - - - - - - - - - - - - - - 
Layer 0   =   -4.394 x 10^-3
          =   -4.394 x 10^-3 (0)
          =   -4.394 x 10^-3 (1)
------------------------------------------------
vector_2  = (+1.00; +1.00; +0.00)
epsilon_2 =   -4.394 x 10^-3
- - - - - - - - - - - - - - - - - - - - - - - - 
Layer 0   =   -4.394 x 10^-3
          =   -4.394 x 10^-3 (0)
          =   -4.394 x 10^-3 (1)
================================================

================================================
        Out-of-plane framework helicity         
================================================
normal_vector  = (+0.00; +0.00; +1.00)
epsilon        =   -2.021 x 10^-3
------------------------------------------------
Layer 0        =   -2.021 x 10^-3
================================================

