================================================
====               ChiraliPy                ====
================================================
Path = structures/S-2NEA2PbBr4_SCAN.vasp
================================================

================================================
          Intraoctahedral distortions           
================================================
sigma2   = 48.15°^2
delta_d  = 47.24 x 10^-5
================================================

================================================
          Interoctahedral distortions           
================================================
delta_beta     = 15.997°
delta_beta_in  = 15.341°
delta_beta_out = 5.229°
------------------------------------------------
max_D          = 40.092°
max_D_in       = 38.506°
max_D_out      = 12.038°
================================================

================================================
               Planar distortions               
================================================
delta_M            = 0.072 Å
delta_X_eq         = 0.480 Å
delta_X_ax         = 0.182 Å
------------------------------------------------
delta_X_ax_bottom  = 0.182 Å
delta_X_ax_top     = 0.182 Å
delta_X_eq_1       = 0.131 Å
delta_X_eq_2       = 0.480 Å (linear X-M-X angle; DOI: 10.1021/acs.jpclett.3c02705)
delta_X_eq_3       = 0.612 Å
delta_X_eq_4       = 0.349 Å
delta_X_eq_5       = 0.480 Å (equivalent to delta_X_eq_2)
delta_X_eq_6       = 0.131 Å (equivalent to delta_X_eq_1)
================================================

================================================
            Hydrogen bond asymmetry             
================================================
delta_r_hb       = 0.098 Å
------------------------------------------------
r_bar_hb (small) = 2.325 Å
r_hb (small)     = 2.306 Å (1)
                 = 2.344 Å (2)
                 = 2.615 Å (3)
------------------------------------------------
r_bar_hb (large) = 2.423 Å
r_hb (large)     = 2.341 Å (1)
                 = 2.504 Å (2)
                 = 2.603 Å (3)
================================================

================================================
                Cation helicity                 
================================================
norm_vector    = (+0.00; +0.00; +1.00)
------------------------------------------------
epsilon        =  +10.701 x 10^-3
================================================

================================================
                Cation inversion                
================================================
norm_vector    = (+0.00; +0.00; +1.00)
------------------------------------------------
zeta           =   -0.196
================================================

================================================
       Planar framework helicity (axial)        
================================================
vector_1  = (+0.00; +1.00; +0.00)
epsilon_1 =  +30.709 x 10^-3
- - - - - - - - - - - - - - - - - - - - - - - - 
Layer 0   =  +30.709 x 10^-3
          =  -82.094 x 10^-3 (0)
          = +143.512 x 10^-3 (1)
------------------------------------------------
vector_2  = (+1.00; +0.00; +0.00)
epsilon_2 =  -21.166 x 10^-3
- - - - - - - - - - - - - - - - - - - - - - - - 
Layer 0   =  -21.166 x 10^-3
          =  -21.166 x 10^-3 (0)
          =  -21.166 x 10^-3 (1)
================================================

================================================
      Planar framework helicity (diagonal)      
================================================
vector_1  = (+1.00; -1.00; +0.00)
epsilon_1 =   +5.519 x 10^-3
- - - - - - - - - - - - - - - - - - - - - - - - 
Layer 0   =   +5.519 x 10^-3
          =   +5.519 x 10^-3 (0)
          =   +5.519 x 10^-3 (1)
------------------------------------------------
vector_2  = (+1.00; +1.00; +0.00)
epsilon_2 =   +5.519 x 10^-3
- - - - - - - - - - - - - - - - - - - - - - - - 
Layer 0   =   +5.519 x 10^-3
          =   +5.519 x 10^-3 (0)
          =   +5.519 x 10^-3 (1)
================================================

================================================
        Out-of-plane framework helicity         
================================================
normal_vector  = (+0.00; +0.00; +1.00)
epsilon        =   +1.787 x 10^-3
------------------------------------------------
Layer 0        =   +1.787 x 10^-3
================================================

